# JRE version: OpenJDK Runtime Environment (Zulu 8.68.0.21-CA-macosx) (8.0_362-b09) (build 1.8.0_362-b09)
# Java VM: OpenJDK 64-Bit Server VM (25.362-b09 mixed mode bsd-amd64 compressed oops)
Heap:
 PSYoungGen      total 546304K, used 96666K [0x0000000740000000, 0x0000000764980000, 0x00000007c0000000)
  eden space 502784K, 13% used [0x0000000740000000,0x00000007444099b8,0x000000075eb00000)
  from space 43520K, 62% used [0x000000075eb00000,0x000000076055d228,0x0000000761580000)
  to   space 43520K, 0% used [0x0000000761f00000,0x0000000761f00000,0x0000000764980000)
 ParOldGen       total 699392K, used 42849K [0x0000000640000000, 0x000000066ab00000, 0x0000000740000000)
  object space 699392K, 6% used [0x0000000640000000,0x00000006429d84c8,0x000000066ab00000)
 Metaspace       used 27640K, capacity 27992K, committed 28288K, reserved 1073152K
  class space    used 3478K, capacity 3612K, committed 3712K, reserved 1048576K
GC Heap History (10 events):
Event: 7.084 GC heap before
{Heap before GC invocations=3 (full 1):
 PSYoungGen      total 305664K, used 262144K [0x0000000740000000, 0x0000000755500000, 0x00000007c0000000)
  eden space 262144K, 100% used [0x0000000740000000,0x0000000750000000,0x0000000750000000)
  from space 43520K, 0% used [0x0000000750000000,0x0000000750000000,0x0000000752a80000)
  to   space 43520K, 0% used [0x0000000752a80000,0x0000000752a80000,0x0000000755500000)
 ParOldGen       total 699392K, used 5597K [0x0000000640000000, 0x000000066ab00000, 0x0000000740000000)
  object space 699392K, 0% used [0x0000000640000000,0x0000000640577738,0x000000066ab00000)
 Metaspace       used 18750K, capacity 18984K, committed 19200K, reserved 1067008K
  class space    used 2170K, capacity 2268K, committed 2304K, reserved 1048576K
Event: 7.122 GC heap after
Heap after GC invocations=3 (full 1):
 PSYoungGen      total 305664K, used 37341K [0x0000000740000000, 0x0000000765500000, 0x00000007c0000000)
  eden space 262144K, 0% used [0x0000000740000000,0x0000000740000000,0x0000000750000000)
  from space 43520K, 85% used [0x0000000752a80000,0x0000000754ef7548,0x0000000755500000)
  to   space 43520K, 0% used [0x0000000750000000,0x0000000750000000,0x0000000752a80000)
 ParOldGen       total 699392K, used 5613K [0x0000000640000000, 0x000000066ab00000, 0x0000000740000000)
  object space 699392K, 0% used [0x0000000640000000,0x000000064057b738,0x000000066ab00000)
 Metaspace       used 18750K, capacity 18984K, committed 19200K, reserved 1067008K
  class space    used 2170K, capacity 2268K, committed 2304K, reserved 1048576K
}
Event: 7.622 GC heap before
{Heap before GC invocations=4 (full 1):
 PSYoungGen      total 305664K, used 223583K [0x0000000740000000, 0x0000000765500000, 0x00000007c0000000)
  eden space 262144K, 71% used [0x0000000740000000,0x000000074b5e08b8,0x0000000750000000)
  from space 43520K, 85% used [0x0000000752a80000,0x0000000754ef7548,0x0000000755500000)
  to   space 43520K, 0% used [0x0000000750000000,0x0000000750000000,0x0000000752a80000)
 ParOldGen       total 699392K, used 5613K [0x0000000640000000, 0x000000066ab00000, 0x0000000740000000)
  object space 699392K, 0% used [0x0000000640000000,0x000000064057b738,0x000000066ab00000)
 Metaspace       used 20801K, capacity 21172K, committed 21248K, reserved 1069056K
  class space    used 2409K, capacity 2554K, committed 2560K, reserved 1048576K
Event: 7.645 GC heap after
Heap after GC invocations=4 (full 1):
 PSYoungGen      total 305664K, used 40873K [0x0000000740000000, 0x0000000765500000, 0x00000007c0000000)
  eden space 262144K, 0% used [0x0000000740000000,0x0000000740000000,0x0000000750000000)
  from space 43520K, 93% used [0x0000000750000000,0x00000007527ea5d8,0x0000000752a80000)
  to   space 43520K, 0% used [0x0000000762a80000,0x0000000762a80000,0x0000000765500000)
 ParOldGen       total 699392K, used 5621K [0x0000000640000000, 0x000000066ab00000, 0x0000000740000000)
  object space 699392K, 0% used [0x0000000640000000,0x000000064057d738,0x000000066ab00000)
 Metaspace       used 20801K, capacity 21172K, committed 21248K, reserved 1069056K
  class space    used 2409K, capacity 2554K, committed 2560K, reserved 1048576K
}
Event: 7.645 GC heap before
{Heap before GC invocations=5 (full 2):
 PSYoungGen      total 305664K, used 40873K [0x0000000740000000, 0x0000000765500000, 0x00000007c0000000)
  eden space 262144K, 0% used [0x0000000740000000,0x0000000740000000,0x0000000750000000)
  from space 43520K, 93% used [0x0000000750000000,0x00000007527ea5d8,0x0000000752a80000)
  to   space 43520K, 0% used [0x0000000762a80000,0x0000000762a80000,0x0000000765500000)
 ParOldGen       total 699392K, used 5621K [0x0000000640000000, 0x000000066ab00000, 0x0000000740000000)
  object space 699392K, 0% used [0x0000000640000000,0x000000064057d738,0x000000066ab00000)
 Metaspace       used 20801K, capacity 21172K, committed 21248K, reserved 1069056K
  class space    used 2409K, capacity 2554K, committed 2560K, reserved 1048576K
Event: 7.726 GC heap after
Heap after GC invocations=5 (full 2):
 PSYoungGen      total 305664K, used 0K [0x0000000740000000, 0x0000000765500000, 0x00000007c0000000)
  eden space 262144K, 0% used [0x0000000740000000,0x0000000740000000,0x0000000750000000)
  from space 43520K, 0% used [0x0000000750000000,0x0000000750000000,0x0000000752a80000)
  to   space 43520K, 0% used [0x0000000762a80000,0x0000000762a80000,0x0000000765500000)
 ParOldGen       total 699392K, used 42833K [0x0000000640000000, 0x000000066ab00000, 0x0000000740000000)
  object space 699392K, 6% used [0x0000000640000000,0x00000006429d44c8,0x000000066ab00000)
 Metaspace       used 20801K, capacity 21172K, committed 21248K, reserved 1069056K
  class space    used 2409K, capacity 2554K, committed 2560K, reserved 1048576K
}
Event: 10.363 GC heap before
{Heap before GC invocations=6 (full 2):
 PSYoungGen      total 305664K, used 262144K [0x0000000740000000, 0x0000000765500000, 0x00000007c0000000)
  eden space 262144K, 100% used [0x0000000740000000,0x0000000750000000,0x0000000750000000)
  from space 43520K, 0% used [0x0000000750000000,0x0000000750000000,0x0000000752a80000)
  to   space 43520K, 0% used [0x0000000762a80000,0x0000000762a80000,0x0000000765500000)
 ParOldGen       total 699392K, used 42833K [0x0000000640000000, 0x000000066ab00000, 0x0000000740000000)
  object space 699392K, 6% used [0x0000000640000000,0x00000006429d44c8,0x000000066ab00000)
 Metaspace       used 23618K, capacity 23960K, committed 24192K, reserved 1071104K
  class space    used 2765K, capacity 2908K, committed 2944K, reserved 1048576K
Event: 10.378 GC heap after
Heap after GC invocations=6 (full 2):
 PSYoungGen      total 388096K, used 21643K [0x0000000740000000, 0x0000000764000000, 0x00000007c0000000)
  eden space 366080K, 0% used [0x0000000740000000,0x0000000740000000,0x0000000756580000)
  from space 22016K, 98% used [0x0000000762a80000,0x0000000763fa2de8,0x0000000764000000)
  to   space 43520K, 0% used [0x000000075eb00000,0x000000075eb00000,0x0000000761580000)
 ParOldGen       total 699392K, used 42841K [0x0000000640000000, 0x000000066ab00000, 0x0000000740000000)
  object space 699392K, 6% used [0x0000000640000000,0x00000006429d64c8,0x000000066ab00000)
 Metaspace       used 23618K, capacity 23960K, committed 24192K, reserved 1071104K
  class space    used 2765K, capacity 2908K, committed 2944K, reserved 1048576K
}
Event: 11.048 GC heap before
{Heap before GC invocations=7 (full 2):
 PSYoungGen      total 388096K, used 387723K [0x0000000740000000, 0x0000000764000000, 0x00000007c0000000)
  eden space 366080K, 100% used [0x0000000740000000,0x0000000756580000,0x0000000756580000)
  from space 22016K, 98% used [0x0000000762a80000,0x0000000763fa2de8,0x0000000764000000)
  to   space 43520K, 0% used [0x000000075eb00000,0x000000075eb00000,0x0000000761580000)
 ParOldGen       total 699392K, used 42841K [0x0000000640000000, 0x000000066ab00000, 0x0000000740000000)
  object space 699392K, 6% used [0x0000000640000000,0x00000006429d64c8,0x000000066ab00000)
 Metaspace       used 26294K, capacity 26616K, committed 26752K, reserved 1073152K
  class space    used 3326K, capacity 3452K, committed 3456K, reserved 1048576K
Event: 11.067 GC heap after
Heap after GC invocations=7 (full 2):
 PSYoungGen      total 546304K, used 26996K [0x0000000740000000, 0x0000000764980000, 0x00000007c0000000)
  eden space 502784K, 0% used [0x0000000740000000,0x0000000740000000,0x000000075eb00000)
  from space 43520K, 62% used [0x000000075eb00000,0x000000076055d228,0x0000000761580000)
  to   space 43520K, 0% used [0x0000000761f00000,0x0000000761f00000,0x0000000764980000)
 ParOldGen       total 699392K, used 42849K [0x0000000640000000, 0x000000066ab00000, 0x0000000740000000)
  object space 699392K, 6% used [0x0000000640000000,0x00000006429d84c8,0x000000066ab00000)
 Metaspace       used 26294K, capacity 26616K, committed 26752K, reserved 1073152K
  class space    used 3326K, capacity 3452K, committed 3456K, reserved 1048576K
}

